C:/Users/thf1ds/Desktop/DATA/03_MISSIONS/00_SDK/PROJECTS/VirtualDataView/VirtualDataView/include/wx/VirtualDataView/CellAttrs/VirtualDataViewCellAttr.h:21: Warning: the name `defines' supplied as the argument of the \class, \struct, \union, or \include command is not an input file
C:/Users/thf1ds/Desktop/DATA/03_MISSIONS/00_SDK/PROJECTS/VirtualDataView/VirtualDataView/include/wx/VirtualDataView/CellAttrs/VirtualDataViewCellAttrProvider.h:26: Warning: the name `a' supplied as the argument of the \class, \struct, \union, or \include command is not an input file
C:/Users/thf1ds/Desktop/DATA/03_MISSIONS/00_SDK/PROJECTS/VirtualDataView/VirtualDataView/include/wx/VirtualDataView/CellAttrs/VirtualDataViewDefaultCellAttr.h:15: Warning: the name `a' supplied as the argument of the \class, \struct, \union, or \include command is not an input file
C:/Users/thf1ds/Desktop/DATA/03_MISSIONS/00_SDK/PROJECTS/VirtualDataView/VirtualDataView/include/wx/VirtualDataView/CellAttrs/VirtualDataViewItemAttr.h:18: Warning: the name `defines' supplied as the argument of the \class, \struct, \union, or \include command is not an input file
C:/Users/thf1ds/Desktop/DATA/03_MISSIONS/00_SDK/PROJECTS/VirtualDataView/VirtualDataView/include/wx/VirtualDataView/Columns/VirtualDataViewColumn.h:22: Warning: the name `a' supplied as the argument of the \class, \struct, \union, or \include command is not an input file
C:/Users/thf1ds/Desktop/DATA/03_MISSIONS/00_SDK/PROJECTS/VirtualDataView/VirtualDataView/include/wx/VirtualDataView/Columns/VirtualDataViewColumnsList.h:15: Warning: the name `a' supplied as the argument of the \class, \struct, \union, or \include command is not an input file
C:/Users/thf1ds/Desktop/DATA/03_MISSIONS/00_SDK/PROJECTS/VirtualDataView/VirtualDataView/include/wx/VirtualDataView/DataView/VirtualDataViewColHeader.h:18: Warning: the name `header' supplied as the argument of the \class, \struct, \union, or \include command is not an input file
C:/Users/thf1ds/Desktop/DATA/03_MISSIONS/00_SDK/PROJECTS/VirtualDataView/VirtualDataView/include/wx/VirtualDataView/DataView/VirtualDataViewCornerHeader.h:17: Warning: the name `header' supplied as the argument of the \class, \struct, \union, or \include command is not an input file
C:/Users/thf1ds/Desktop/DATA/03_MISSIONS/00_SDK/PROJECTS/VirtualDataView/VirtualDataView/include/wx/VirtualDataView/DataView/VirtualDataViewCtrl.h:44: Warning: the name `the' supplied as the argument of the \class, \struct, \union, or \include command is not an input file
C:/Users/thf1ds/Desktop/DATA/03_MISSIONS/00_SDK/PROJECTS/VirtualDataView/VirtualDataView/include/wx/VirtualDataView/DataView/VirtualDataViewCtrl.h:298: Warning: the name `hit' supplied as the argument of the \class, \struct, \union, or \include command is not an input file
C:/Users/thf1ds/Desktop/DATA/03_MISSIONS/00_SDK/PROJECTS/VirtualDataView/VirtualDataView/include/wx/VirtualDataView/DataView/VirtualDataViewEvent.h:21: Warning: the name `an' supplied as the argument of the \class, \struct, \union, or \include command is not an input file
C:/Users/thf1ds/Desktop/DATA/03_MISSIONS/00_SDK/PROJECTS/VirtualDataView/VirtualDataView/include/wx/VirtualDataView/DataView/VirtualDataViewListCtrl.h:15: Warning: the name `a' supplied as the argument of the \class, \struct, \union, or \include command is not an input file
C:/Users/thf1ds/Desktop/DATA/03_MISSIONS/00_SDK/PROJECTS/VirtualDataView/VirtualDataView/include/wx/VirtualDataView/DataView/VirtualDataViewRowHeader.h:18: Warning: the name `header' supplied as the argument of the \class, \struct, \union, or \include command is not an input file
C:/Users/thf1ds/Desktop/DATA/03_MISSIONS/00_SDK/PROJECTS/VirtualDataView/VirtualDataView/include/wx/VirtualDataView/DataView/VirtualTreePath.h:19: Warning: the name `a' supplied as the argument of the \class, \struct, \union, or \include command is not an input file
C:/Users/thf1ds/Desktop/DATA/03_MISSIONS/00_SDK/PROJECTS/VirtualDataView/VirtualDataView/include/wx/VirtualDataView/DataView/VirtualTreePath.h:54: Warning: the name `stores' supplied as the argument of the \class, \struct, \union, or \include command is not an input file
C:/Users/thf1ds/Desktop/DATA/03_MISSIONS/00_SDK/PROJECTS/VirtualDataView/VirtualDataView/include/wx/VirtualDataView/Editors/VirtualDataViewCheckBoxEditor.h:16: Warning: the name `a' supplied as the argument of the \class, \struct, \union, or \include command is not an input file
C:/Users/thf1ds/Desktop/DATA/03_MISSIONS/00_SDK/PROJECTS/VirtualDataView/VirtualDataView/include/wx/VirtualDataView/Editors/VirtualDataViewChoiceEditor.h:16: Warning: the name `a' supplied as the argument of the \class, \struct, \union, or \include command is not an input file
C:/Users/thf1ds/Desktop/DATA/03_MISSIONS/00_SDK/PROJECTS/VirtualDataView/VirtualDataView/include/wx/VirtualDataView/Editors/VirtualDataViewColourEditor.h:16: Warning: the name `a' supplied as the argument of the \class, \struct, \union, or \include command is not an input file
C:/Users/thf1ds/Desktop/DATA/03_MISSIONS/00_SDK/PROJECTS/VirtualDataView/VirtualDataView/include/wx/VirtualDataView/Editors/VirtualDataViewDateEditor.h:16: Warning: the name `a' supplied as the argument of the \class, \struct, \union, or \include command is not an input file
C:/Users/thf1ds/Desktop/DATA/03_MISSIONS/00_SDK/PROJECTS/VirtualDataView/VirtualDataView/include/wx/VirtualDataView/Editors/VirtualDataViewDateTimeEditor.h:18: Warning: the name `a' supplied as the argument of the \class, \struct, \union, or \include command is not an input file
C:/Users/thf1ds/Desktop/DATA/03_MISSIONS/00_SDK/PROJECTS/VirtualDataView/VirtualDataView/include/wx/VirtualDataView/Editors/VirtualDataViewEditor.h:27: Warning: the name `a' supplied as the argument of the \class, \struct, \union, or \include command is not an input file
C:/Users/thf1ds/Desktop/DATA/03_MISSIONS/00_SDK/PROJECTS/VirtualDataView/VirtualDataView/include/wx/VirtualDataView/Editors/VirtualDataViewNumberEditor.h:18: Warning: the name `a' supplied as the argument of the \class, \struct, \union, or \include command is not an input file
C:/Users/thf1ds/Desktop/DATA/03_MISSIONS/00_SDK/PROJECTS/VirtualDataView/VirtualDataView/include/wx/VirtualDataView/Editors/VirtualDataViewProgressEditor.h:14: Warning: the name `a' supplied as the argument of the \class, \struct, \union, or \include command is not an input file
C:/Users/thf1ds/Desktop/DATA/03_MISSIONS/00_SDK/PROJECTS/VirtualDataView/VirtualDataView/include/wx/VirtualDataView/Editors/VirtualDataViewTextEditor.h:17: Warning: the name `a' supplied as the argument of the \class, \struct, \union, or \include command is not an input file
C:/Users/thf1ds/Desktop/DATA/03_MISSIONS/00_SDK/PROJECTS/VirtualDataView/VirtualDataView/include/wx/VirtualDataView/Editors/VirtualDataViewTimeEditor.h:16: Warning: the name `a' supplied as the argument of the \class, \struct, \union, or \include command is not an input file
C:/Users/thf1ds/Desktop/DATA/03_MISSIONS/00_SDK/PROJECTS/VirtualDataView/VirtualDataView/include/wx/VirtualDataView/FilterEditors/VirtualDataViewIFilterEditor.h:31: Warning: the name `combines' supplied as the argument of the \class, \struct, \union, or \include command is not an input file
C:/Users/thf1ds/Desktop/DATA/03_MISSIONS/00_SDK/PROJECTS/VirtualDataView/VirtualDataView/include/wx/VirtualDataView/FilterEditors/VirtualDataViewStdFilterEditor.h:16: Warning: the name `standard' supplied as the argument of the \class, \struct, \union, or \include command is not an input file
C:/Users/thf1ds/Desktop/DATA/03_MISSIONS/00_SDK/PROJECTS/VirtualDataView/VirtualDataView/include/wx/VirtualDataView/Filters/VirtualDataViewFilter.h:18: Warning: the name `a' supplied as the argument of the \class, \struct, \union, or \include command is not an input file
C:/Users/thf1ds/Desktop/DATA/03_MISSIONS/00_SDK/PROJECTS/VirtualDataView/VirtualDataView/include/wx/VirtualDataView/Filters/VirtualDataViewFloatFilter.h:17: Warning: the name `a' supplied as the argument of the \class, \struct, \union, or \include command is not an input file
C:/Users/thf1ds/Desktop/DATA/03_MISSIONS/00_SDK/PROJECTS/VirtualDataView/VirtualDataView/include/wx/VirtualDataView/Filters/VirtualDataViewIntegerFilter.h:17: Warning: the name `a' supplied as the argument of the \class, \struct, \union, or \include command is not an input file
C:/Users/thf1ds/Desktop/DATA/03_MISSIONS/00_SDK/PROJECTS/VirtualDataView/VirtualDataView/include/wx/VirtualDataView/Filters/VirtualDataViewNumericFilter.h:16: Warning: the name `a' supplied as the argument of the \class, \struct, \union, or \include command is not an input file
C:/Users/thf1ds/Desktop/DATA/03_MISSIONS/00_SDK/PROJECTS/VirtualDataView/VirtualDataView/include/wx/VirtualDataView/Filters/VirtualDataViewStringFilter.h:17: Warning: the name `a' supplied as the argument of the \class, \struct, \union, or \include command is not an input file
C:/Users/thf1ds/Desktop/DATA/03_MISSIONS/00_SDK/PROJECTS/VirtualDataView/VirtualDataView/include/wx/VirtualDataView/Filters/VirtualDataViewUIntegerFilter.h:17: Warning: the name `a' supplied as the argument of the \class, \struct, \union, or \include command is not an input file
C:/Users/thf1ds/Desktop/DATA/03_MISSIONS/00_SDK/PROJECTS/VirtualDataView/VirtualDataView/include/wx/VirtualDataView/FiltersUI/VirtualDataFilterModel.h:18: Warning: the name `a' supplied as the argument of the \class, \struct, \union, or \include command is not an input file
C:/Users/thf1ds/Desktop/DATA/03_MISSIONS/00_SDK/PROJECTS/VirtualDataView/VirtualDataView/include/wx/VirtualDataView/FiltersUI/VirtualDataViewFilterComboCtrl.h:24: Warning: the name `a' supplied as the argument of the \class, \struct, \union, or \include command is not an input file
C:/Users/thf1ds/Desktop/DATA/03_MISSIONS/00_SDK/PROJECTS/VirtualDataView/VirtualDataView/include/wx/VirtualDataView/FiltersUI/VirtualDataViewFilterComboPopup.h:28: Warning: the name `a' supplied as the argument of the \class, \struct, \union, or \include command is not an input file
C:/Users/thf1ds/Desktop/DATA/03_MISSIONS/00_SDK/PROJECTS/VirtualDataView/VirtualDataView/include/wx/VirtualDataView/FiltersUI/VirtualDataViewFilterCtrl.h:16: Warning: the name `a' supplied as the argument of the \class, \struct, \union, or \include command is not an input file
C:/Users/thf1ds/Desktop/DATA/03_MISSIONS/00_SDK/PROJECTS/VirtualDataView/VirtualDataView/include/wx/VirtualDataView/FiltersUI/VirtualDataViewFilterPanel.h:22: Warning: the name `a' supplied as the argument of the \class, \struct, \union, or \include command is not an input file
C:/Users/thf1ds/Desktop/DATA/03_MISSIONS/00_SDK/PROJECTS/VirtualDataView/VirtualDataView/include/wx/VirtualDataView/FiltersUI/VirtualDataViewFilterPopup.h:16: Warning: the name `a' supplied as the argument of the \class, \struct, \union, or \include command is not an input file
C:/Users/thf1ds/Desktop/DATA/03_MISSIONS/00_SDK/PROJECTS/VirtualDataView/VirtualDataView/include/wx/VirtualDataView/Generic/ResizeableWindow.h:17: Warning: the name `a' supplied as the argument of the \class, \struct, \union, or \include command is not an input file
C:/Users/thf1ds/Desktop/DATA/03_MISSIONS/00_SDK/PROJECTS/VirtualDataView/VirtualDataView/include/wx/VirtualDataView/Generic/ThemedSearchCtrl.h:15: Warning: the name `the' supplied as the argument of the \class, \struct, \union, or \include command is not an input file
C:/Users/thf1ds/Desktop/DATA/03_MISSIONS/00_SDK/PROJECTS/VirtualDataView/VirtualDataView/include/wx/VirtualDataView/Header/VirtualHeaderCtrl.h:25: Warning: the name `generic' supplied as the argument of the \class, \struct, \union, or \include command is not an input file
C:/Users/thf1ds/Desktop/DATA/03_MISSIONS/00_SDK/PROJECTS/VirtualDataView/VirtualDataView/include/wx/VirtualDataView/Header/VirtualHeaderCtrl.h:133: Warning: the name `the' supplied as the argument of the \class, \struct, \union, or \include command is not an input file
C:/Users/thf1ds/Desktop/DATA/03_MISSIONS/00_SDK/PROJECTS/VirtualDataView/VirtualDataView/include/wx/VirtualDataView/Header/VirtualHeaderCtrlEvent.h:15: Warning: the name `event' supplied as the argument of the \class, \struct, \union, or \include command is not an input file
C:/Users/thf1ds/Desktop/DATA/03_MISSIONS/00_SDK/PROJECTS/VirtualDataView/VirtualDataView/include/wx/VirtualDataView/Header/VirtualHeaderIRenderer.h:18: Warning: the name `encapsulated' supplied as the argument of the \class, \struct, \union, or \include command is not an input file
C:/Users/thf1ds/Desktop/DATA/03_MISSIONS/00_SDK/PROJECTS/VirtualDataView/VirtualDataView/include/wx/VirtualDataView/Header/VirtualHeaderIRenderer.h:27: Warning: the name `data' supplied as the argument of the \class, \struct, \union, or \include command is not an input file
C:/Users/thf1ds/Desktop/DATA/03_MISSIONS/00_SDK/PROJECTS/VirtualDataView/VirtualDataView/include/wx/VirtualDataView/Header/VirtualHeaderRendererCustom.h:14: Warning: the name `a' supplied as the argument of the \class, \struct, \union, or \include command is not an input file
C:/Users/thf1ds/Desktop/DATA/03_MISSIONS/00_SDK/PROJECTS/VirtualDataView/VirtualDataView/include/wx/VirtualDataView/Header/VirtualHeaderRendererGeneric.h:14: Warning: the name `a' supplied as the argument of the \class, \struct, \union, or \include command is not an input file
C:/Users/thf1ds/Desktop/DATA/03_MISSIONS/00_SDK/PROJECTS/VirtualDataView/VirtualDataView/include/wx/VirtualDataView/Header/VirtualHeaderRendererNative.h:20: Warning: the name `a' supplied as the argument of the \class, \struct, \union, or \include command is not an input file
C:/Users/thf1ds/Desktop/DATA/03_MISSIONS/00_SDK/PROJECTS/VirtualDataView/VirtualDataView/include/wx/VirtualDataView/LRUCache/LRUCache.h:16: Warning: the name `provides' supplied as the argument of the \class, \struct, \union, or \include command is not an input file
C:/Users/thf1ds/Desktop/DATA/03_MISSIONS/00_SDK/PROJECTS/VirtualDataView/VirtualDataView/include/wx/VirtualDataView/Mappers/VirtualDataViewCellMapper.h:16: Warning: the name `it' supplied as the argument of the \class, \struct, \union, or \include command is not an input file
C:/Users/thf1ds/Desktop/DATA/03_MISSIONS/00_SDK/PROJECTS/VirtualDataView/VirtualDataView/include/wx/VirtualDataView/ModelRenderer/VirtualIModelRenderer.h:21: Warning: the name `a' supplied as the argument of the \class, \struct, \union, or \include command is not an input file
C:/Users/thf1ds/Desktop/DATA/03_MISSIONS/00_SDK/PROJECTS/VirtualDataView/VirtualDataView/include/wx/VirtualDataView/ModelRenderer/VirtualListModelRenderer.h:14: Warning: the name `an' supplied as the argument of the \class, \struct, \union, or \include command is not an input file
C:/Users/thf1ds/Desktop/DATA/03_MISSIONS/00_SDK/PROJECTS/VirtualDataView/VirtualDataView/include/wx/VirtualDataView/ModelRenderer/VirtualTreeModelRenderer.h:23: Warning: the name `an' supplied as the argument of the \class, \struct, \union, or \include command is not an input file
C:/Users/thf1ds/Desktop/DATA/03_MISSIONS/00_SDK/PROJECTS/VirtualDataView/VirtualDataView/include/wx/VirtualDataView/Models/VirtualFilteringDataModel.h:16: Warning: the name `proxy' supplied as the argument of the \class, \struct, \union, or \include command is not an input file
C:/Users/thf1ds/Desktop/DATA/03_MISSIONS/00_SDK/PROJECTS/VirtualDataView/VirtualDataView/include/wx/VirtualDataView/Models/VirtualFilteringDataModel.h:25: Warning: the name `the' supplied as the argument of the \class, \struct, \union, or \include command is not an input file
C:/Users/thf1ds/Desktop/DATA/03_MISSIONS/00_SDK/PROJECTS/VirtualDataView/VirtualDataView/include/wx/VirtualDataView/Models/VirtualIArrayProxyDataModel.h:15: Warning: the name `all' supplied as the argument of the \class, \struct, \union, or \include command is not an input file
C:/Users/thf1ds/Desktop/DATA/03_MISSIONS/00_SDK/PROJECTS/VirtualDataView/VirtualDataView/include/wx/VirtualDataView/Models/VirtualIDataModel.h:23: Warning: the name `a' supplied as the argument of the \class, \struct, \union, or \include command is not an input file
C:/Users/thf1ds/Desktop/DATA/03_MISSIONS/00_SDK/PROJECTS/VirtualDataView/VirtualDataView/include/wx/VirtualDataView/Models/VirtualIListDataModel.h:15: Warning: the name `a' supplied as the argument of the \class, \struct, \union, or \include command is not an input file
C:/Users/thf1ds/Desktop/DATA/03_MISSIONS/00_SDK/PROJECTS/VirtualDataView/VirtualDataView/include/wx/VirtualDataView/Models/VirtualIProxyDataModel.h:14: Warning: the name `data' supplied as the argument of the \class, \struct, \union, or \include command is not an input file
C:/Users/thf1ds/Desktop/DATA/03_MISSIONS/00_SDK/PROJECTS/VirtualDataView/VirtualDataView/include/wx/VirtualDataView/Models/VirtualSortingDataModel.h:14: Warning: the name `data' supplied as the argument of the \class, \struct, \union, or \include command is not an input file
C:/Users/thf1ds/Desktop/DATA/03_MISSIONS/00_SDK/PROJECTS/VirtualDataView/VirtualDataView/include/wx/VirtualDataView/Renderers/VirtualDataViewBitmapRenderer.h:14: Warning: the name `a' supplied as the argument of the \class, \struct, \union, or \include command is not an input file
C:/Users/thf1ds/Desktop/DATA/03_MISSIONS/00_SDK/PROJECTS/VirtualDataView/VirtualDataView/include/wx/VirtualDataView/Renderers/VirtualDataViewBitmapTextRenderer.h:14: Warning: the name `a' supplied as the argument of the \class, \struct, \union, or \include command is not an input file
C:/Users/thf1ds/Desktop/DATA/03_MISSIONS/00_SDK/PROJECTS/VirtualDataView/VirtualDataView/include/wx/VirtualDataView/Renderers/VirtualDataViewCheckBoxRenderer.h:14: Warning: the name `a' supplied as the argument of the \class, \struct, \union, or \include command is not an input file
C:/Users/thf1ds/Desktop/DATA/03_MISSIONS/00_SDK/PROJECTS/VirtualDataView/VirtualDataView/include/wx/VirtualDataView/Renderers/VirtualDataViewColourRenderer.h:14: Warning: the name `a' supplied as the argument of the \class, \struct, \union, or \include command is not an input file
C:/Users/thf1ds/Desktop/DATA/03_MISSIONS/00_SDK/PROJECTS/VirtualDataView/VirtualDataView/include/wx/VirtualDataView/Renderers/VirtualDataViewDateRenderer.h:14: Warning: the name `a' supplied as the argument of the \class, \struct, \union, or \include command is not an input file
C:/Users/thf1ds/Desktop/DATA/03_MISSIONS/00_SDK/PROJECTS/VirtualDataView/VirtualDataView/include/wx/VirtualDataView/Renderers/VirtualDataViewDateTimeRenderer.h:14: Warning: the name `a' supplied as the argument of the \class, \struct, \union, or \include command is not an input file
C:/Users/thf1ds/Desktop/DATA/03_MISSIONS/00_SDK/PROJECTS/VirtualDataView/VirtualDataView/include/wx/VirtualDataView/Renderers/VirtualDataViewNumberRenderer.h:14: Warning: the name `a' supplied as the argument of the \class, \struct, \union, or \include command is not an input file
C:/Users/thf1ds/Desktop/DATA/03_MISSIONS/00_SDK/PROJECTS/VirtualDataView/VirtualDataView/include/wx/VirtualDataView/Renderers/VirtualDataViewProgressRenderer.h:14: Warning: the name `a' supplied as the argument of the \class, \struct, \union, or \include command is not an input file
C:/Users/thf1ds/Desktop/DATA/03_MISSIONS/00_SDK/PROJECTS/VirtualDataView/VirtualDataView/include/wx/VirtualDataView/Renderers/VirtualDataViewRenderer.h:26: Warning: the name `a' supplied as the argument of the \class, \struct, \union, or \include command is not an input file
C:/Users/thf1ds/Desktop/DATA/03_MISSIONS/00_SDK/PROJECTS/VirtualDataView/VirtualDataView/include/wx/VirtualDataView/Renderers/VirtualDataViewTextRenderer.h:14: Warning: the name `a' supplied as the argument of the \class, \struct, \union, or \include command is not an input file
C:/Users/thf1ds/Desktop/DATA/03_MISSIONS/00_SDK/PROJECTS/VirtualDataView/VirtualDataView/include/wx/VirtualDataView/Renderers/VirtualDataViewTimeRenderer.h:14: Warning: the name `a' supplied as the argument of the \class, \struct, \union, or \include command is not an input file
C:/Users/thf1ds/Desktop/DATA/03_MISSIONS/00_SDK/PROJECTS/VirtualDataView/VirtualDataView/include/wx/VirtualDataView/StateModels/VirtualDataViewItemState.h:16: Warning: the name `defines' supplied as the argument of the \class, \struct, \union, or \include command is not an input file
C:/Users/thf1ds/Desktop/DATA/03_MISSIONS/00_SDK/PROJECTS/VirtualDataView/VirtualDataView/include/wx/VirtualDataView/StateModels/VirtualDefaultStateModel.h:17: Warning: the name `default' supplied as the argument of the \class, \struct, \union, or \include command is not an input file
C:/Users/thf1ds/Desktop/DATA/03_MISSIONS/00_SDK/PROJECTS/VirtualDataView/VirtualDataView/include/wx/VirtualDataView/StateModels/VirtualIStateModel.h:16: Warning: the name `a' supplied as the argument of the \class, \struct, \union, or \include command is not an input file
C:/Users/thf1ds/Desktop/DATA/03_MISSIONS/00_SDK/PROJECTS/VirtualDataView/VirtualDataView/include/wx/VirtualDataView/StateModels/VirtualListStateModel.h:17: Warning: the name `implementation' supplied as the argument of the \class, \struct, \union, or \include command is not an input file
C:/Users/thf1ds/Desktop/DATA/03_MISSIONS/00_SDK/PROJECTS/VirtualDataView/VirtualDataView/include/wx/VirtualDataView/Table/Models/VirtualITableDataModel.h:18: Warning: the name `specialization' supplied as the argument of the \class, \struct, \union, or \include command is not an input file
C:/Users/thf1ds/Desktop/DATA/03_MISSIONS/00_SDK/PROJECTS/VirtualDataView/VirtualDataView/include/wx/VirtualDataView/Table/Models/VirtualITableTreeDataModel.h:18: Warning: the name `a' supplied as the argument of the \class, \struct, \union, or \include command is not an input file
C:/Users/thf1ds/Desktop/DATA/03_MISSIONS/00_SDK/PROJECTS/VirtualDataView/VirtualDataView/include/wx/VirtualDataView/Table/VirtualDataTableBase.h:23: Warning: the name `main' supplied as the argument of the \class, \struct, \union, or \include command is not an input file
C:/Users/thf1ds/Desktop/DATA/03_MISSIONS/00_SDK/PROJECTS/VirtualDataView/VirtualDataView/include/wx/VirtualDataView/Table/VirtualDataTableColHeader.h:14: Warning: the name `header' supplied as the argument of the \class, \struct, \union, or \include command is not an input file
C:/Users/thf1ds/Desktop/DATA/03_MISSIONS/00_SDK/PROJECTS/VirtualDataView/VirtualDataView/include/wx/VirtualDataView/Table/VirtualDataTableCornerHeader.h:17: Warning: the name `header' supplied as the argument of the \class, \struct, \union, or \include command is not an input file
C:/Users/thf1ds/Desktop/DATA/03_MISSIONS/00_SDK/PROJECTS/VirtualDataView/VirtualDataView/include/wx/VirtualDataView/Table/VirtualDataTableCtrl.h:35: Warning: the name `the' supplied as the argument of the \class, \struct, \union, or \include command is not an input file
C:/Users/thf1ds/Desktop/DATA/03_MISSIONS/00_SDK/PROJECTS/VirtualDataView/VirtualDataView/include/wx/VirtualDataView/Table/VirtualDataTableHeader.h:18: Warning: the name `header' supplied as the argument of the \class, \struct, \union, or \include command is not an input file
C:/Users/thf1ds/Desktop/DATA/03_MISSIONS/00_SDK/PROJECTS/VirtualDataView/VirtualDataView/include/wx/VirtualDataView/Table/VirtualDataTableRowHeader.h:14: Warning: the name `header' supplied as the argument of the \class, \struct, \union, or \include command is not an input file
C:/Users/thf1ds/Desktop/DATA/03_MISSIONS/00_SDK/PROJECTS/VirtualDataView/VirtualDataView/include/wx/VirtualDataView/Types/BitmapText.h:18: Warning: the name `an' supplied as the argument of the \class, \struct, \union, or \include command is not an input file
C:/Users/thf1ds/Desktop/DATA/03_MISSIONS/00_SDK/PROJECTS/VirtualDataView/VirtualDataView/include/wx/VirtualDataView/Utilities/VirtualItemIDSearch.hpp:20: Warning: the name `defines' supplied as the argument of the \class, \struct, \union, or \include command is not an input file
C:/Users/thf1ds/Desktop/DATA/03_MISSIONS/00_SDK/PROJECTS/VirtualDataView/VirtualDataView/include/wx/VirtualDataView/Utilities/VirtualItemIDSearch.hpp:44: Warning: the name `finds' supplied as the argument of the \class, \struct, \union, or \include command is not an input file
C:/Users/thf1ds/Desktop/DATA/03_MISSIONS/00_SDK/PROJECTS/VirtualDataView/VirtualDataView/include/wx/VirtualDataView/Utilities/VirtualItemIDSearch.hpp:55: Warning: the name `finds' supplied as the argument of the \class, \struct, \union, or \include command is not an input file
C:/Users/thf1ds/Desktop/DATA/03_MISSIONS/00_SDK/PROJECTS/VirtualDataView/VirtualDataView/include/wx/VirtualDataView/Utilities/VirtualItemIDSearch.hpp:65: Warning: the name `finds' supplied as the argument of the \class, \struct, \union, or \include command is not an input file
C:/Users/thf1ds/Desktop/DATA/03_MISSIONS/00_SDK/PROJECTS/VirtualDataView/VirtualDataView/include/wx/VirtualDataView/Utilities/VirtualItemIDSearch.hpp:79: Warning: the name `finds' supplied as the argument of the \class, \struct, \union, or \include command is not an input file
C:/Users/thf1ds/Desktop/DATA/03_MISSIONS/00_SDK/PROJECTS/VirtualDataView/VirtualDataView/include/wx/VirtualDataView/Utilities/VirtualItemIDSearch.hpp:89: Warning: the name `finds' supplied as the argument of the \class, \struct, \union, or \include command is not an input file
C:/Users/thf1ds/Desktop/DATA/03_MISSIONS/00_SDK/PROJECTS/VirtualDataView/VirtualDataView/include/wx/VirtualDataView/Utilities/VirtualItemIDSearch.hpp:99: Warning: the name `finds' supplied as the argument of the \class, \struct, \union, or \include command is not an input file
C:/Users/thf1ds/Desktop/DATA/03_MISSIONS/00_SDK/PROJECTS/VirtualDataView/VirtualDataView/include/wx/VirtualDataView/Utilities/VirtualItemIDSearch.hpp:109: Warning: the name `finds' supplied as the argument of the \class, \struct, \union, or \include command is not an input file
C:/Users/thf1ds/Desktop/DATA/03_MISSIONS/00_SDK/PROJECTS/VirtualDataView/VirtualDataView/include/wx/VirtualDataView/VirtualDataViewCellCoord.h:17: Warning: the name `define' supplied as the argument of the \class, \struct, \union, or \include command is not an input file
C:/Users/thf1ds/Desktop/DATA/03_MISSIONS/00_SDK/PROJECTS/VirtualDataView/VirtualDataView/include/wx/VirtualDataView/VirtualItemID.h:18: Warning: the name `\brief' supplied as the argument of the \class, \struct, \union, or \include command is not an input file
C:/Users/thf1ds/Desktop/DATA/03_MISSIONS/00_SDK/PROJECTS/VirtualDataView/VirtualDataView/include/wx/VirtualDataView/VirtualItemID.h:218: Warning: the name `data' supplied as the argument of the \class, \struct, \union, or \include command is not an input file
C:/Users/thf1ds/Desktop/DATA/03_MISSIONS/00_SDK/PROJECTS/VirtualDataView/VirtualDataView/include/wx/VirtualDataView/VirtualItemID.h:233: Warning: the name `convenience' supplied as the argument of the \class, \struct, \union, or \include command is not an input file
C:/Users/thf1ds/Desktop/DATA/03_MISSIONS/00_SDK/PROJECTS/VirtualDataView/VirtualDataView/include/wx/VirtualDataView/VirtualItemID.h:241: Warning: the name `either' supplied as the argument of the \class, \struct, \union, or \include command is not an input file
C:/Users/thf1ds/Desktop/DATA/03_MISSIONS/00_SDK/PROJECTS/VirtualDataView/VirtualDataView/src/DataView/VirtualDataViewCtrl.cpp:1651: Warning: The following parameters of VectorToHashSet(TSetOfIDs &oSetOfIDs, const wxVirtualItemIDs &vIDs, wxVirtualIDataModel *pDataModel) are not documented:
  parameter 'pDataModel'
C:/Users/thf1ds/Desktop/DATA/03_MISSIONS/00_SDK/PROJECTS/VirtualDataView/VirtualDataView/src/Header/VirtualHeaderRendererGeneric.cpp:33: Warning: The following parameters of DoGetHeaderButtonSize(wxWindow *pWin, const wxVirtualHeaderIRenderer::THeaderData &rData) are not documented:
  parameter 'pWin'
C:/Users/thf1ds/Desktop/DATA/03_MISSIONS/00_SDK/PROJECTS/VirtualDataView/VirtualDataView/src/StateModels/VirtualIStateModel.cpp:28: Warning: argument 'TJobON' of command @param is not found in the argument list of FindFirstItemWithState(wxVirtualIStateModel *pStateModel, wxVirtualIDataModel *pDataModel, bool bON)
C:/Users/thf1ds/Desktop/DATA/03_MISSIONS/00_SDK/PROJECTS/VirtualDataView/VirtualDataView/src/StateModels/VirtualIStateModel.cpp:28: Warning: argument 'TJobOFF' of command @param is not found in the argument list of FindFirstItemWithState(wxVirtualIStateModel *pStateModel, wxVirtualIDataModel *pDataModel, bool bON)
C:/Users/thf1ds/Desktop/DATA/03_MISSIONS/00_SDK/PROJECTS/VirtualDataView/VirtualDataView/src/StateModels/VirtualIStateModel.cpp:56: Warning: argument 'TJobON' of command @param is not found in the argument list of FindNextItemWithState(wxVirtualIStateModel *pStateModel, wxVirtualIDataModel *pDataModel, const wxVirtualItemID &idStart, bool bON)
C:/Users/thf1ds/Desktop/DATA/03_MISSIONS/00_SDK/PROJECTS/VirtualDataView/VirtualDataView/src/StateModels/VirtualIStateModel.cpp:56: Warning: argument 'TJobOFF' of command @param is not found in the argument list of FindNextItemWithState(wxVirtualIStateModel *pStateModel, wxVirtualIDataModel *pDataModel, const wxVirtualItemID &idStart, bool bON)
C:/Users/thf1ds/Desktop/DATA/03_MISSIONS/00_SDK/PROJECTS/VirtualDataView/VirtualDataView/src/StateModels/VirtualIStateModel.cpp:83: Warning: argument 'TJobON' of command @param is not found in the argument list of FindPrevItemWithState(wxVirtualIStateModel *pStateModel, wxVirtualIDataModel *pDataModel, const wxVirtualItemID &idStart, bool bON)
C:/Users/thf1ds/Desktop/DATA/03_MISSIONS/00_SDK/PROJECTS/VirtualDataView/VirtualDataView/src/StateModels/VirtualIStateModel.cpp:83: Warning: argument 'TJobOFF' of command @param is not found in the argument list of FindPrevItemWithState(wxVirtualIStateModel *pStateModel, wxVirtualIDataModel *pDataModel, const wxVirtualItemID &idStart, bool bON)
C:/Users/thf1ds/Desktop/DATA/03_MISSIONS/00_SDK/PROJECTS/VirtualDataView/VirtualDataView/include/wx/VirtualDataView/Utilities/VirtualItemIDSearch.hpp:120: Warning: argument 'bSkipCurrent' of command @param is not found in the argument list of wxGetNextVirtualItemID(TJob &rJob)
C:/Users/thf1ds/Desktop/DATA/03_MISSIONS/00_SDK/PROJECTS/VirtualDataView/VirtualDataView/include/wx/VirtualDataView/Utilities/VirtualItemIDSearch.hpp:145: Warning: argument 'bSkipCurrent' of command @param is not found in the argument list of wxGetPrevVirtualItemID(TJob &rJob)
C:/Users/thf1ds/Desktop/DATA/03_MISSIONS/00_SDK/PROJECTS/VirtualDataView/doc/topics/MainPage.h:3: Warning: Found unknown command `\tableofcontents'
C:/Users/thf1ds/Desktop/DATA/03_MISSIONS/00_SDK/PROJECTS/VirtualDataView/VirtualDataView/include/wx/VirtualDataView/Generic/ThemedSearchCtrl.h:63: Warning: explicit link request to 'if' could not be resolved
C:/Users/thf1ds/Desktop/DATA/03_MISSIONS/00_SDK/PROJECTS/VirtualDataView/VirtualDataView/include/wx/VirtualDataView/FiltersUI/VirtualDataFilterModel.h:60: Warning: Unsupported xml/html tag <blanks> found
C:/Users/thf1ds/Desktop/DATA/03_MISSIONS/00_SDK/PROJECTS/VirtualDataView/VirtualDataView/include/wx/VirtualDataView/FiltersUI/VirtualDataFilterModel.h:62: Warning: Unsupported xml/html tag <blanks> found
C:/Users/thf1ds/Desktop/DATA/03_MISSIONS/00_SDK/PROJECTS/VirtualDataView/VirtualDataView/include/wx/VirtualDataView/FiltersUI/VirtualDataFilterModel.h:64: Warning: Unsupported xml/html tag <blanks> found
C:/Users/thf1ds/Desktop/DATA/03_MISSIONS/00_SDK/PROJECTS/VirtualDataView/VirtualDataView/include/wx/VirtualDataView/FiltersUI/VirtualDataFilterModel.h:64: Warning: Unsupported xml/html tag <blanks> found
C:/Users/thf1ds/Desktop/DATA/03_MISSIONS/00_SDK/PROJECTS/VirtualDataView/VirtualDataView/src/FiltersUI/VirtualDataFilterModel.cpp:233: Warning: Unsupported xml/html tag <blanks> found
C:/Users/thf1ds/Desktop/DATA/03_MISSIONS/00_SDK/PROJECTS/VirtualDataView/VirtualDataView/src/FiltersUI/VirtualDataFilterModel.cpp:170: Warning: argument 'rID' of command @param is not found in the argument list of wxVirtualDataFilterModel::GetItemAttribute(size_t uiItemID, size_t uiField, const wxVirtualDataViewItemState &rState)
C:/Users/thf1ds/Desktop/DATA/03_MISSIONS/00_SDK/PROJECTS/VirtualDataView/VirtualDataView/src/FiltersUI/VirtualDataFilterModel.cpp:170: Warning: The following parameters of wxVirtualDataFilterModel::GetItemAttribute(size_t uiItemID, size_t uiField, const wxVirtualDataViewItemState &rState) are not documented:
  parameter 'uiItemID'
C:/Users/thf1ds/Desktop/DATA/03_MISSIONS/00_SDK/PROJECTS/VirtualDataView/VirtualDataView/include/wx/VirtualDataView/FiltersUI/VirtualDataFilterModel.h:62: Warning: Unsupported xml/html tag <blanks> found
C:/Users/thf1ds/Desktop/DATA/03_MISSIONS/00_SDK/PROJECTS/VirtualDataView/VirtualDataView/src/FiltersUI/VirtualDataFilterModel.cpp:217: Warning: Unsupported xml/html tag <blanks> found
C:/Users/thf1ds/Desktop/DATA/03_MISSIONS/00_SDK/PROJECTS/VirtualDataView/VirtualDataView/include/wx/VirtualDataView/FiltersUI/VirtualDataFilterModel.h:60: Warning: Unsupported xml/html tag <blanks> found
C:/Users/thf1ds/Desktop/DATA/03_MISSIONS/00_SDK/PROJECTS/VirtualDataView/VirtualDataView/src/FiltersUI/VirtualDataFilterModel.cpp:201: Warning: Unsupported xml/html tag <blanks> found
C:/Users/thf1ds/Desktop/DATA/03_MISSIONS/00_SDK/PROJECTS/VirtualDataView/VirtualDataView/src/Table/VirtualDataTableCtrl.cpp:277: Warning: argument 'pSS' of command @param is not found in the argument list of wxVirtualDataTableCtrl::GetDataModel(void)
C:/Users/thf1ds/Desktop/DATA/03_MISSIONS/00_SDK/PROJECTS/VirtualDataView/VirtualDataView/src/DataView/VirtualDataViewBase.cpp:102: Warning: argument 'sName' of command @param is not found in the argument list of wxVirtualDataViewBase::Init(wxVirtualIDataModel *pDataModel, wxVirtualIStateModel *pStateModel, wxVirtualIModelRenderer *pModelRenderer)
C:/Users/thf1ds/Desktop/DATA/03_MISSIONS/00_SDK/PROJECTS/VirtualDataView/VirtualDataView/src/DataView/VirtualDataViewBase.cpp:1047: Warning: The following parameters of wxVirtualDataViewBase::SendEditingEndEvent(const wxVirtualItemID &rID, size_t uiField, size_t uiCol, bool bCancel) are not documented:
  parameter 'bCancel'
C:/Users/thf1ds/Desktop/DATA/03_MISSIONS/00_SDK/PROJECTS/VirtualDataView/VirtualDataView/src/DataView/VirtualDataViewBase.cpp:819: Warning: argument 'rID' of command @param is not found in the argument list of wxVirtualDataViewBase::SendEventMouseEvent(const wxVirtualIModelRenderer::THitTest &rHT, wxMouseEvent &rEvent)
C:/Users/thf1ds/Desktop/DATA/03_MISSIONS/00_SDK/PROJECTS/VirtualDataView/VirtualDataView/src/CellAttrs/VirtualDataViewCellAttrProvider.cpp:13: Warning: argument 'sType' of command @param is not found in the argument list of wxVirtualDataViewCellAttrProvider::wxVirtualDataViewCellAttrProvider(void)
C:/Users/thf1ds/Desktop/DATA/03_MISSIONS/00_SDK/PROJECTS/VirtualDataView/VirtualDataView/src/CellAttrs/VirtualDataViewCellAttrProvider.cpp:13: Warning: argument 'pRenderer' of command @param is not found in the argument list of wxVirtualDataViewCellAttrProvider::wxVirtualDataViewCellAttrProvider(void)
C:/Users/thf1ds/Desktop/DATA/03_MISSIONS/00_SDK/PROJECTS/VirtualDataView/VirtualDataView/src/CellAttrs/VirtualDataViewCellAttrProvider.cpp:13: Warning: argument 'pEditor' of command @param is not found in the argument list of wxVirtualDataViewCellAttrProvider::wxVirtualDataViewCellAttrProvider(void)
C:/Users/thf1ds/Desktop/DATA/03_MISSIONS/00_SDK/PROJECTS/VirtualDataView/VirtualDataView/src/CellAttrs/VirtualDataViewCellAttrProvider.cpp:13: Warning: argument 'pAttr' of command @param is not found in the argument list of wxVirtualDataViewCellAttrProvider::wxVirtualDataViewCellAttrProvider(void)
C:/Users/thf1ds/Desktop/DATA/03_MISSIONS/00_SDK/PROJECTS/VirtualDataView/VirtualDataView/src/Editors/VirtualDataViewCheckBoxEditor.cpp:257: Warning: argument 'rValue' of command @param is not found in the argument list of wxVirtualDataViewCheckBoxEditor::GetValue(wxVariant &rvValue)
C:/Users/thf1ds/Desktop/DATA/03_MISSIONS/00_SDK/PROJECTS/VirtualDataView/VirtualDataView/src/Editors/VirtualDataViewCheckBoxEditor.cpp:257: Warning: The following parameters of wxVirtualDataViewCheckBoxEditor::GetValue(wxVariant &rvValue) are not documented:
  parameter 'rvValue'
C:/Users/thf1ds/Desktop/DATA/03_MISSIONS/00_SDK/PROJECTS/VirtualDataView/VirtualDataView/src/Editors/VirtualDataViewChoiceEditor.cpp:173: Warning: argument 'rValue' of command @param is not found in the argument list of wxVirtualDataViewChoiceEditor::GetValue(wxVariant &rvValue)
C:/Users/thf1ds/Desktop/DATA/03_MISSIONS/00_SDK/PROJECTS/VirtualDataView/VirtualDataView/src/Editors/VirtualDataViewChoiceEditor.cpp:173: Warning: The following parameters of wxVirtualDataViewChoiceEditor::GetValue(wxVariant &rvValue) are not documented:
  parameter 'rvValue'
C:/Users/thf1ds/Desktop/DATA/03_MISSIONS/00_SDK/PROJECTS/VirtualDataView/VirtualDataView/src/Editors/VirtualDataViewColourEditor.cpp:143: Warning: argument 'rValue' of command @param is not found in the argument list of wxVirtualDataViewColourEditor::GetValue(wxVariant &rvValue)
C:/Users/thf1ds/Desktop/DATA/03_MISSIONS/00_SDK/PROJECTS/VirtualDataView/VirtualDataView/src/Editors/VirtualDataViewColourEditor.cpp:143: Warning: The following parameters of wxVirtualDataViewColourEditor::GetValue(wxVariant &rvValue) are not documented:
  parameter 'rvValue'
C:/Users/thf1ds/Desktop/DATA/03_MISSIONS/00_SDK/PROJECTS/VirtualDataView/VirtualDataView/src/Columns/VirtualDataViewColumn.cpp:87: Warning: argument 'uiAlign' of command @param is not found in the argument list of wxVirtualDataViewColumn::Init(long lWidth, wxAlignment iAlign, int iFlags)
C:/Users/thf1ds/Desktop/DATA/03_MISSIONS/00_SDK/PROJECTS/VirtualDataView/VirtualDataView/src/Columns/VirtualDataViewColumn.cpp:87: Warning: The following parameters of wxVirtualDataViewColumn::Init(long lWidth, wxAlignment iAlign, int iFlags) are not documented:
  parameter 'iAlign'
C:/Users/thf1ds/Desktop/DATA/03_MISSIONS/00_SDK/PROJECTS/VirtualDataView/VirtualDataView/src/DataView/VirtualDataViewCtrl.cpp:2624: Warning: argument 'bEvent' of command @param is not found in the argument list of wxVirtualDataViewCtrl::CollapseAll(bool bSendEvent=true)
C:/Users/thf1ds/Desktop/DATA/03_MISSIONS/00_SDK/PROJECTS/VirtualDataView/VirtualDataView/src/DataView/VirtualDataViewCtrl.cpp:2624: Warning: The following parameters of wxVirtualDataViewCtrl::CollapseAll(bool bSendEvent=true) are not documented:
  parameter 'bSendEvent'
C:/Users/thf1ds/Desktop/DATA/03_MISSIONS/00_SDK/PROJECTS/VirtualDataView/VirtualDataView/src/DataView/VirtualDataViewCtrl.cpp:1824: Warning: argument 'bSelect' of command @param is not found in the argument list of wxVirtualDataViewCtrl::DeselectAll(bool bSendEvent=true)
C:/Users/thf1ds/Desktop/DATA/03_MISSIONS/00_SDK/PROJECTS/VirtualDataView/VirtualDataView/src/DataView/VirtualDataViewCtrl.cpp:2614: Warning: argument 'bEvent' of command @param is not found in the argument list of wxVirtualDataViewCtrl::ExpandAll(bool bExpand=true, bool bSendEvent=true)
C:/Users/thf1ds/Desktop/DATA/03_MISSIONS/00_SDK/PROJECTS/VirtualDataView/VirtualDataView/src/DataView/VirtualDataViewCtrl.cpp:2614: Warning: The following parameters of wxVirtualDataViewCtrl::ExpandAll(bool bExpand=true, bool bSendEvent=true) are not documented:
  parameter 'bSendEvent'
C:/Users/thf1ds/Desktop/DATA/03_MISSIONS/00_SDK/PROJECTS/VirtualDataView/VirtualDataView/src/DataView/VirtualDataViewCtrl.cpp:1404: Warning: The following parameters of wxVirtualDataViewCtrl::GetAllChildren(wxVirtualItemIDs &vChildren, const wxVirtualItemID &rParent, bool bRecursive=false) const are not documented:
  parameter 'bRecursive'
C:/Users/thf1ds/Desktop/DATA/03_MISSIONS/00_SDK/PROJECTS/VirtualDataView/VirtualDataView/src/DataView/VirtualDataViewCtrl.cpp:2003: Warning: The following parameters of wxVirtualDataViewCtrl::GetCheckedItems(wxVirtualItemIDs &vIDs, ECheckState eState=WX_CHECKSTATE_CHECKED) const are not documented:
  parameter 'eState'
C:/Users/thf1ds/Desktop/DATA/03_MISSIONS/00_SDK/PROJECTS/VirtualDataView/VirtualDataView/src/DataView/VirtualDataViewCtrl.cpp:2543: Warning: argument 'pExpanded' of command @param is not found in the argument list of wxVirtualDataViewCtrl::GetFirstExpandedItem(bool bExpanded=true) const
C:/Users/thf1ds/Desktop/DATA/03_MISSIONS/00_SDK/PROJECTS/VirtualDataView/VirtualDataView/src/DataView/VirtualDataViewCtrl.cpp:2543: Warning: The following parameters of wxVirtualDataViewCtrl::GetFirstExpandedItem(bool bExpanded=true) const are not documented:
  parameter 'bExpanded'
C:/Users/thf1ds/Desktop/DATA/03_MISSIONS/00_SDK/PROJECTS/VirtualDataView/VirtualDataView/src/DataView/VirtualDataViewCtrl.cpp:2594: Warning: argument 'pExpanded' of command @param is not found in the argument list of wxVirtualDataViewCtrl::GetNextCollapsedItem(const wxVirtualItemID &rID) const
C:/Users/thf1ds/Desktop/DATA/03_MISSIONS/00_SDK/PROJECTS/VirtualDataView/VirtualDataView/src/DataView/VirtualDataViewCtrl.cpp:2556: Warning: argument 'pExpanded' of command @param is not found in the argument list of wxVirtualDataViewCtrl::GetNextExpandedItem(const wxVirtualItemID &rID, bool bExpanded=true) const
C:/Users/thf1ds/Desktop/DATA/03_MISSIONS/00_SDK/PROJECTS/VirtualDataView/VirtualDataView/src/DataView/VirtualDataViewCtrl.cpp:2556: Warning: The following parameters of wxVirtualDataViewCtrl::GetNextExpandedItem(const wxVirtualItemID &rID, bool bExpanded=true) const are not documented:
  parameter 'bExpanded'
C:/Users/thf1ds/Desktop/DATA/03_MISSIONS/00_SDK/PROJECTS/VirtualDataView/VirtualDataView/src/DataView/VirtualDataViewCtrl.cpp:2604: Warning: argument 'pExpanded' of command @param is not found in the argument list of wxVirtualDataViewCtrl::GetPrevCollapsedItem(const wxVirtualItemID &rID) const
C:/Users/thf1ds/Desktop/DATA/03_MISSIONS/00_SDK/PROJECTS/VirtualDataView/VirtualDataView/src/DataView/VirtualDataViewCtrl.cpp:2571: Warning: argument 'pExpanded' of command @param is not found in the argument list of wxVirtualDataViewCtrl::GetPrevExpandedItem(const wxVirtualItemID &rID, bool bExpanded=true) const
C:/Users/thf1ds/Desktop/DATA/03_MISSIONS/00_SDK/PROJECTS/VirtualDataView/VirtualDataView/src/DataView/VirtualDataViewCtrl.cpp:2571: Warning: The following parameters of wxVirtualDataViewCtrl::GetPrevExpandedItem(const wxVirtualItemID &rID, bool bExpanded=true) const are not documented:
  parameter 'bExpanded'
C:/Users/thf1ds/Desktop/DATA/03_MISSIONS/00_SDK/PROJECTS/VirtualDataView/VirtualDataView/src/DataView/VirtualDataViewCtrl.cpp:2632: Warning: argument 'bEvent' of command @param is not found in the argument list of wxVirtualDataViewCtrl::ToggleExpandCollapseState(const wxVirtualItemID &rID, bool bRecursive=false, bool bSendEvent=true)
C:/Users/thf1ds/Desktop/DATA/03_MISSIONS/00_SDK/PROJECTS/VirtualDataView/VirtualDataView/src/DataView/VirtualDataViewCtrl.cpp:2632: Warning: The following parameters of wxVirtualDataViewCtrl::ToggleExpandCollapseState(const wxVirtualItemID &rID, bool bRecursive=false, bool bSendEvent=true) are not documented:
  parameter 'bSendEvent'
C:/Users/thf1ds/Desktop/DATA/03_MISSIONS/00_SDK/PROJECTS/VirtualDataView/VirtualDataView/src/Editors/VirtualDataViewDateEditor.cpp:148: Warning: argument 'rValue' of command @param is not found in the argument list of wxVirtualDataViewDateEditor::GetValue(wxVariant &rvValue)
C:/Users/thf1ds/Desktop/DATA/03_MISSIONS/00_SDK/PROJECTS/VirtualDataView/VirtualDataView/src/Editors/VirtualDataViewDateEditor.cpp:148: Warning: The following parameters of wxVirtualDataViewDateEditor::GetValue(wxVariant &rvValue) are not documented:
  parameter 'rvValue'
C:/Users/thf1ds/Desktop/DATA/03_MISSIONS/00_SDK/PROJECTS/VirtualDataView/VirtualDataView/src/Editors/VirtualDataViewDateTimeEditor.cpp:188: Warning: argument 'rValue' of command @param is not found in the argument list of wxVirtualDataViewDateTimeEditor::GetValue(wxVariant &rvValue)
C:/Users/thf1ds/Desktop/DATA/03_MISSIONS/00_SDK/PROJECTS/VirtualDataView/VirtualDataView/src/Editors/VirtualDataViewDateTimeEditor.cpp:188: Warning: The following parameters of wxVirtualDataViewDateTimeEditor::GetValue(wxVariant &rvValue) are not documented:
  parameter 'rvValue'
C:/Users/thf1ds/Desktop/DATA/03_MISSIONS/00_SDK/PROJECTS/VirtualDataView/VirtualDataView/src/Filters/VirtualDataViewFilter.cpp:62: Warning: argument 'param' of command @param is not found in the argument list of wxVirtualDataViewFilter::SetInactive(bool bInactive=true)
C:/Users/thf1ds/Desktop/DATA/03_MISSIONS/00_SDK/PROJECTS/VirtualDataView/VirtualDataView/src/Filters/VirtualDataViewFilter.cpp:62: Warning: The following parameters of wxVirtualDataViewFilter::SetInactive(bool bInactive=true) are not documented:
  parameter 'bInactive'
C:/Users/thf1ds/Desktop/DATA/03_MISSIONS/00_SDK/PROJECTS/VirtualDataView/VirtualDataView/src/FiltersUI/VirtualDataViewFilterComboCtrl.cpp:312: Warning: The following parameters of wxVirtualDataViewFilterComboCtrl::PaintComboBox(wxWindow *pWin, wxBitmap &rBMP, const wxRect &rRect) are not documented:
  parameter 'pWin'
C:/Users/thf1ds/Desktop/DATA/03_MISSIONS/00_SDK/PROJECTS/VirtualDataView/VirtualDataView/include/wx/VirtualDataView/FiltersUI/VirtualDataViewFilterCtrl.h:62: Warning: Unsupported xml/html tag <blanks> found
C:/Users/thf1ds/Desktop/DATA/03_MISSIONS/00_SDK/PROJECTS/VirtualDataView/VirtualDataView/include/wx/VirtualDataView/FiltersUI/VirtualDataViewFilterCtrl.h:64: Warning: Unsupported xml/html tag <blanks> found
C:/Users/thf1ds/Desktop/DATA/03_MISSIONS/00_SDK/PROJECTS/VirtualDataView/VirtualDataView/include/wx/VirtualDataView/FiltersUI/VirtualDataViewFilterCtrl.h:64: Warning: Unsupported xml/html tag <blanks> found
C:/Users/thf1ds/Desktop/DATA/03_MISSIONS/00_SDK/PROJECTS/VirtualDataView/VirtualDataView/src/FiltersUI/VirtualDataViewFilterCtrl.cpp:258: Warning: Unsupported xml/html tag <blanks> found
C:/Users/thf1ds/Desktop/DATA/03_MISSIONS/00_SDK/PROJECTS/VirtualDataView/VirtualDataView/include/wx/VirtualDataView/FiltersUI/VirtualDataViewFilterCtrl.h:62: Warning: Unsupported xml/html tag <blanks> found
C:/Users/thf1ds/Desktop/DATA/03_MISSIONS/00_SDK/PROJECTS/VirtualDataView/VirtualDataView/src/FiltersUI/VirtualDataViewFilterCtrl.cpp:240: Warning: Unsupported xml/html tag <blanks> found
C:/Users/thf1ds/Desktop/DATA/03_MISSIONS/00_SDK/PROJECTS/VirtualDataView/VirtualDataView/src/FilterEditors/VirtualDataViewIFilterEditor.cpp:187: Warning: The following parameters of wxVirtualDataViewIFilterEditor::DoNotify(wxEventType eType, int iValue=0) are not documented:
  parameter 'iValue'
C:/Users/thf1ds/Desktop/DATA/03_MISSIONS/00_SDK/PROJECTS/VirtualDataView/VirtualDataView/src/CellAttrs/VirtualDataViewItemAttr.cpp:114: Warning: argument 'rhs' of command @param is not found in the argument list of wxVirtualDataViewItemAttr::Combine(wxVirtualDataViewItemAttr *pAttr)
C:/Users/thf1ds/Desktop/DATA/03_MISSIONS/00_SDK/PROJECTS/VirtualDataView/VirtualDataView/src/CellAttrs/VirtualDataViewItemAttr.cpp:114: Warning: The following parameters of wxVirtualDataViewItemAttr::Combine(wxVirtualDataViewItemAttr *pAttr) are not documented:
  parameter 'pAttr'
C:/Users/thf1ds/Desktop/DATA/03_MISSIONS/00_SDK/PROJECTS/VirtualDataView/VirtualDataView/include/wx/VirtualDataView/CellAttrs/VirtualDataViewItemAttr.h:240: Warning: argument 'rhs' of command @param is not found in the argument list of wxVirtualDataViewItemAttr::operator+=(const wxVirtualDataViewItemAttr *pRHS)
C:/Users/thf1ds/Desktop/DATA/03_MISSIONS/00_SDK/PROJECTS/VirtualDataView/VirtualDataView/include/wx/VirtualDataView/CellAttrs/VirtualDataViewItemAttr.h:240: Warning: The following parameters of wxVirtualDataViewItemAttr::operator+=(const wxVirtualDataViewItemAttr *pRHS) are not documented:
  parameter 'pRHS'
C:/Users/thf1ds/Desktop/DATA/03_MISSIONS/00_SDK/PROJECTS/VirtualDataView/VirtualDataView/src/Editors/VirtualDataViewNumberEditor.cpp:429: Warning: argument 'lMin' of command @param is not found in the argument list of wxVirtualDataViewNumberEditor::GetRange(double &fMin, double &fMax) const
C:/Users/thf1ds/Desktop/DATA/03_MISSIONS/00_SDK/PROJECTS/VirtualDataView/VirtualDataView/src/Editors/VirtualDataViewNumberEditor.cpp:429: Warning: argument 'lMax' of command @param is not found in the argument list of wxVirtualDataViewNumberEditor::GetRange(double &fMin, double &fMax) const
C:/Users/thf1ds/Desktop/DATA/03_MISSIONS/00_SDK/PROJECTS/VirtualDataView/VirtualDataView/src/Editors/VirtualDataViewNumberEditor.cpp:429: Warning: The following parameters of wxVirtualDataViewNumberEditor::GetRange(double &fMin, double &fMax) const are not documented:
  parameter 'fMin'
  parameter 'fMax'
C:/Users/thf1ds/Desktop/DATA/03_MISSIONS/00_SDK/PROJECTS/VirtualDataView/VirtualDataView/src/Editors/VirtualDataViewNumberEditor.cpp:171: Warning: argument 'rValue' of command @param is not found in the argument list of wxVirtualDataViewNumberEditor::GetValue(wxVariant &rvValue)
C:/Users/thf1ds/Desktop/DATA/03_MISSIONS/00_SDK/PROJECTS/VirtualDataView/VirtualDataView/src/Editors/VirtualDataViewNumberEditor.cpp:171: Warning: The following parameters of wxVirtualDataViewNumberEditor::GetValue(wxVariant &rvValue) are not documented:
  parameter 'rvValue'
C:/Users/thf1ds/Desktop/DATA/03_MISSIONS/00_SDK/PROJECTS/VirtualDataView/VirtualDataView/src/Renderers/VirtualDataViewNumberRenderer.cpp:13: Warning: The following parameters of wxVirtualDataViewNumberRenderer::wxVirtualDataViewNumberRenderer(bool bFloat=false, EEllipsizeMode eMode=WX_ELLIPSIZE_NONE, EHAlign eHAlign=WX_HORIZ_ALIGN_LEFT, EVAlign eVAlign=WX_VERT_ALIGN_CENTRE) are not documented:
  parameter 'bFloat'
C:/Users/thf1ds/Desktop/DATA/03_MISSIONS/00_SDK/PROJECTS/VirtualDataView/VirtualDataView/src/Editors/VirtualDataViewProgressEditor.cpp:313: Warning: argument 'rValue' of command @param is not found in the argument list of wxVirtualDataViewProgressEditor::GetValue(wxVariant &rvValue)
C:/Users/thf1ds/Desktop/DATA/03_MISSIONS/00_SDK/PROJECTS/VirtualDataView/VirtualDataView/src/Editors/VirtualDataViewProgressEditor.cpp:313: Warning: The following parameters of wxVirtualDataViewProgressEditor::GetValue(wxVariant &rvValue) are not documented:
  parameter 'rvValue'
C:/Users/thf1ds/Desktop/DATA/03_MISSIONS/00_SDK/PROJECTS/VirtualDataView/VirtualDataView/src/Filters/VirtualDataViewStringFilter.cpp:261: Warning: argument 'bUseRegEx' of command @param is not found in the argument list of wxVirtualDataViewStringFilter::DoNotUseRegEx(bool bDoNotUseRegEx=true)
C:/Users/thf1ds/Desktop/DATA/03_MISSIONS/00_SDK/PROJECTS/VirtualDataView/VirtualDataView/src/Filters/VirtualDataViewStringFilter.cpp:261: Warning: The following parameters of wxVirtualDataViewStringFilter::DoNotUseRegEx(bool bDoNotUseRegEx=true) are not documented:
  parameter 'bDoNotUseRegEx'
C:/Users/thf1ds/Desktop/DATA/03_MISSIONS/00_SDK/PROJECTS/VirtualDataView/VirtualDataView/src/Editors/VirtualDataViewTextEditor.cpp:204: Warning: argument 'rValue' of command @param is not found in the argument list of wxVirtualDataViewTextEditor::GetValue(wxVariant &rvValue)
C:/Users/thf1ds/Desktop/DATA/03_MISSIONS/00_SDK/PROJECTS/VirtualDataView/VirtualDataView/src/Editors/VirtualDataViewTextEditor.cpp:204: Warning: The following parameters of wxVirtualDataViewTextEditor::GetValue(wxVariant &rvValue) are not documented:
  parameter 'rvValue'
C:/Users/thf1ds/Desktop/DATA/03_MISSIONS/00_SDK/PROJECTS/VirtualDataView/VirtualDataView/src/Editors/VirtualDataViewTimeEditor.cpp:134: Warning: argument 'rValue' of command @param is not found in the argument list of wxVirtualDataViewTimeEditor::GetValue(wxVariant &rvValue)
C:/Users/thf1ds/Desktop/DATA/03_MISSIONS/00_SDK/PROJECTS/VirtualDataView/VirtualDataView/src/Editors/VirtualDataViewTimeEditor.cpp:134: Warning: The following parameters of wxVirtualDataViewTimeEditor::GetValue(wxVariant &rvValue) are not documented:
  parameter 'rvValue'
C:/Users/thf1ds/Desktop/DATA/03_MISSIONS/00_SDK/PROJECTS/VirtualDataView/VirtualDataView/src/Models/VirtualFilteringDataModel.cpp:158: Warning: The following parameters of wxVirtualFilteringDataModel::DoGetChildren(wxVirtualItemIDs &vChildren, const wxVirtualItemID &rIDParent) are not documented:
  parameter 'vChildren'
C:/Users/thf1ds/Desktop/DATA/03_MISSIONS/00_SDK/PROJECTS/VirtualDataView/VirtualDataView/src/Header/VirtualHeaderCtrl.cpp:1453: Warning: The following parameters of wxVirtualHeaderCtrl::CancelDragging(int x, int y, bool bSendEvent=true) are not documented:
  parameter 'x'
  parameter 'y'
C:/Users/thf1ds/Desktop/DATA/03_MISSIONS/00_SDK/PROJECTS/VirtualDataView/VirtualDataView/src/Header/VirtualHeaderCtrl.cpp:1154: Warning: argument 'uiItemID' of command @param is not found in the argument list of wxVirtualHeaderCtrl::StartDragging(int x, int y, bool bSendEvent=true)
C:/Users/thf1ds/Desktop/DATA/03_MISSIONS/00_SDK/PROJECTS/VirtualDataView/VirtualDataView/src/Header/VirtualHeaderCtrl.cpp:1379: Warning: The following parameters of wxVirtualHeaderCtrl::StopDragging(int x, int y, size_t uiItemID, bool bCancel=false, bool bSendEvent=true) are not documented:
  parameter 'bCancel'
C:/Users/thf1ds/Desktop/DATA/03_MISSIONS/00_SDK/PROJECTS/VirtualDataView/VirtualDataView/src/Header/VirtualHeaderRendererCustom.cpp:139: Warning: argument 'eSettings' of command @param is not found in the argument list of wxVirtualHeaderRendererCustom::CreateDCObjects(ESettings eSetting)
C:/Users/thf1ds/Desktop/DATA/03_MISSIONS/00_SDK/PROJECTS/VirtualDataView/VirtualDataView/src/Header/VirtualHeaderRendererCustom.cpp:139: Warning: The following parameters of wxVirtualHeaderRendererCustom::CreateDCObjects(ESettings eSetting) are not documented:
  parameter 'eSetting'
C:/Users/thf1ds/Desktop/DATA/03_MISSIONS/00_SDK/PROJECTS/VirtualDataView/VirtualDataView/src/Header/VirtualHeaderRendererCustom.cpp:53: Warning: argument 'eSettings' of command @param is not found in the argument list of wxVirtualHeaderRendererCustom::GetGraphicSettings(ESettings eSetting, TSettings &rSettings) const
C:/Users/thf1ds/Desktop/DATA/03_MISSIONS/00_SDK/PROJECTS/VirtualDataView/VirtualDataView/src/Header/VirtualHeaderRendererCustom.cpp:53: Warning: The following parameters of wxVirtualHeaderRendererCustom::GetGraphicSettings(ESettings eSetting, TSettings &rSettings) const are not documented:
  parameter 'eSetting'
C:/Users/thf1ds/Desktop/DATA/03_MISSIONS/00_SDK/PROJECTS/VirtualDataView/VirtualDataView/src/Header/VirtualHeaderRendererCustom.cpp:42: Warning: argument 'eSettings' of command @param is not found in the argument list of wxVirtualHeaderRendererCustom::SetGraphicSettings(ESettings eSetting, const TSettings &rSettings)
C:/Users/thf1ds/Desktop/DATA/03_MISSIONS/00_SDK/PROJECTS/VirtualDataView/VirtualDataView/src/Header/VirtualHeaderRendererCustom.cpp:42: Warning: The following parameters of wxVirtualHeaderRendererCustom::SetGraphicSettings(ESettings eSetting, const TSettings &rSettings) are not documented:
  parameter 'eSetting'
C:/Users/thf1ds/Desktop/DATA/03_MISSIONS/00_SDK/PROJECTS/VirtualDataView/VirtualDataView/src/Models/VirtualIArrayProxyDataModel.cpp:74: Warning: argument 'rID' of command @param is not found in the argument list of wxVirtualIArrayProxyDataModel::GetChildrenCount(const wxVirtualItemID &rIDParent)
C:/Users/thf1ds/Desktop/DATA/03_MISSIONS/00_SDK/PROJECTS/VirtualDataView/VirtualDataView/src/Models/VirtualIArrayProxyDataModel.cpp:74: Warning: The following parameters of wxVirtualIArrayProxyDataModel::GetChildrenCount(const wxVirtualItemID &rIDParent) are not documented:
  parameter 'rIDParent'
C:/Users/thf1ds/Desktop/DATA/03_MISSIONS/00_SDK/PROJECTS/VirtualDataView/VirtualDataView/src/Models/VirtualIDataModel.cpp:1144: Warning: argument 'bRegEx' of command @param is not found in the argument list of wxVirtualIDataModel::IsMatching(wxVirtualItemID &rID, const wxVariant &rvValue, bool bFullMatch, bool bCaseSensitive, bool bRegex, size_t uiField=size_t(-1))
C:/Users/thf1ds/Desktop/DATA/03_MISSIONS/00_SDK/PROJECTS/VirtualDataView/VirtualDataView/src/Models/VirtualIDataModel.cpp:1144: Warning: The following parameters of wxVirtualIDataModel::IsMatching(wxVirtualItemID &rID, const wxVariant &rvValue, bool bFullMatch, bool bCaseSensitive, bool bRegex, size_t uiField=size_t(-1)) are not documented:
  parameter 'bRegex'
C:/Users/thf1ds/Desktop/DATA/03_MISSIONS/00_SDK/PROJECTS/VirtualDataView/VirtualDataView/src/Models/VirtualIDataModel.cpp:1229: Warning: argument 'eSort' of command @param is not found in the argument list of wxVirtualIDataModel::TSort::TSort(size_t uiField=0, ESorting eSorting=WX_E_SORT_NOT_SORTING)
C:/Users/thf1ds/Desktop/DATA/03_MISSIONS/00_SDK/PROJECTS/VirtualDataView/VirtualDataView/src/Models/VirtualIDataModel.cpp:1229: Warning: The following parameters of wxVirtualIDataModel::TSort::TSort(size_t uiField=0, ESorting eSorting=WX_E_SORT_NOT_SORTING) are not documented:
  parameter 'eSorting'
C:/Users/thf1ds/Desktop/DATA/03_MISSIONS/00_SDK/PROJECTS/VirtualDataView/VirtualDataView/src/Models/VirtualIProxyDataModel.cpp:589: Warning: argument 'bRegEx' of command @param is not found in the argument list of wxVirtualIProxyDataModel::IsMatching(wxVirtualItemID &rID, const wxVariant &rvValue, bool bFullMatch, bool bCaseSensitive, bool bRegex, size_t uiField=size_t(-1))
C:/Users/thf1ds/Desktop/DATA/03_MISSIONS/00_SDK/PROJECTS/VirtualDataView/VirtualDataView/src/Models/VirtualIProxyDataModel.cpp:589: Warning: The following parameters of wxVirtualIProxyDataModel::IsMatching(wxVirtualItemID &rID, const wxVariant &rvValue, bool bFullMatch, bool bCaseSensitive, bool bRegex, size_t uiField=size_t(-1)) are not documented:
  parameter 'bRegex'
C:/Users/thf1ds/Desktop/DATA/03_MISSIONS/00_SDK/PROJECTS/VirtualDataView/VirtualDataView/include/wx/VirtualDataView/VirtualItemID.h:530: Warning: argument 'iValue' of command @param is not found in the argument list of wxVirtualItemID::SetUInt32(wxUint32 uiValue)
C:/Users/thf1ds/Desktop/DATA/03_MISSIONS/00_SDK/PROJECTS/VirtualDataView/VirtualDataView/include/wx/VirtualDataView/VirtualItemID.h:530: Warning: The following parameters of wxVirtualItemID::SetUInt32(wxUint32 uiValue) are not documented:
  parameter 'uiValue'
C:/Users/thf1ds/Desktop/DATA/03_MISSIONS/00_SDK/PROJECTS/VirtualDataView/VirtualDataView/include/wx/VirtualDataView/VirtualItemID.h:564: Warning: argument 'iValue' of command @param is not found in the argument list of wxVirtualItemID::SetUInt64(wxUint64 uiValue)
C:/Users/thf1ds/Desktop/DATA/03_MISSIONS/00_SDK/PROJECTS/VirtualDataView/VirtualDataView/include/wx/VirtualDataView/VirtualItemID.h:564: Warning: The following parameters of wxVirtualItemID::SetUInt64(wxUint64 uiValue) are not documented:
  parameter 'uiValue'
C:/Users/thf1ds/Desktop/DATA/03_MISSIONS/00_SDK/PROJECTS/VirtualDataView/VirtualDataView/src/Models/VirtualSortingDataModel.cpp:491: Warning: The following parameters of wxVirtualSortingDataModel::DoGetChildren(wxVirtualItemIDs &vChildren, const wxVirtualItemID &rIDParent) are not documented:
  parameter 'vChildren'
C:/Users/thf1ds/Desktop/DATA/03_MISSIONS/00_SDK/PROJECTS/VirtualDataView/VirtualDataView/src/Models/VirtualSortingDataModel.cpp:40: Warning: argument 'rID' of command @param is not found in the argument list of wxVirtualSortingDataModel::GetChildCount(const wxVirtualItemID &rIDParent)
C:/Users/thf1ds/Desktop/DATA/03_MISSIONS/00_SDK/PROJECTS/VirtualDataView/VirtualDataView/src/Models/VirtualSortingDataModel.cpp:40: Warning: The following parameters of wxVirtualSortingDataModel::GetChildCount(const wxVirtualItemID &rIDParent) are not documented:
  parameter 'rIDParent'
C:/Users/thf1ds/Desktop/DATA/03_MISSIONS/00_SDK/PROJECTS/VirtualDataView/VirtualDataView/src/ModelRenderer/VirtualTreeModelRenderer.cpp:2136: Warning: argument 'rState' of command @param is not found in the argument list of wxVirtualTreeModelRenderer::DrawTreeLines(wxDC &rDC, wxRect &rRect, const wxVirtualItemID &rID, wxVirtualIDataModel *pModel, long lLevel)
C:/Users/thf1ds/Desktop/DATA/03_MISSIONS/00_SDK/PROJECTS/VirtualDataView/VirtualDataView/src/ModelRenderer/VirtualTreeModelRenderer.cpp:3190: Warning: The following parameters of wxVirtualTreeModelRenderer::MoveTo(const wxVirtualItemID &rID, size_t uiRank, bool bControlDown, bool bShiftDown) are not documented:
  parameter 'rID'
C:/Users/thf1ds/Desktop/DATA/03_MISSIONS/00_SDK/PROJECTS/VirtualDataView/VirtualDataView/src/ModelRenderer/VirtualTreeModelRenderer.cpp:3099: Warning: The following parameters of wxVirtualTreeModelRenderer::ScrollTo(size_t uiVerticalPos, size_t uiCol, bool bRefresh=true) are not documented:
  parameter 'bRefresh'
C:/Users/thf1ds/Desktop/DATA/03_MISSIONS/00_SDK/PROJECTS/VirtualDataView/VirtualDataView/src/ModelRenderer/VirtualTreeModelRenderer.cpp:3629: Warning: argument 'bDraw' of command @param is not found in the argument list of wxVirtualTreeModelRenderer::SetTreeLinesStyle(ETreeLinesStyle eTreeLinesStyle)
C:/Users/thf1ds/Desktop/DATA/03_MISSIONS/00_SDK/PROJECTS/VirtualDataView/VirtualDataView/src/ModelRenderer/VirtualTreeModelRenderer.cpp:3629: Warning: The following parameters of wxVirtualTreeModelRenderer::SetTreeLinesStyle(ETreeLinesStyle eTreeLinesStyle) are not documented:
  parameter 'eTreeLinesStyle'
